<?xml version="1.0" encoding="UTF-8"?>
<testng-results ignored="0" total="2" passed="2" failed="0" skipped="0">
  <reporter-output>
  </reporter-output>
  <suite started-at="2020-03-30T21:55:50 IST" name="Default suite" finished-at="2020-03-30T21:56:18 IST" duration-ms="27669">
    <groups>
    </groups>
    <test started-at="2020-03-30T21:55:50 IST" name="Default test" finished-at="2020-03-30T21:56:18 IST" duration-ms="27669">
      <class name="com.qa.CRMPage.test.LoginPageTest">
        <test-method is-config="true" signature="initialization()[pri:0, instance:com.qa.CRMPage.test.LoginPageTest@6a03bcb1]" started-at="2020-03-30T21:55:50 IST" name="initialization" finished-at="2020-03-30T21:56:03 IST" duration-ms="12943" status="PASS">
          <reporter-output>
          </reporter-output>
        </test-method> <!-- initialization -->
        <test-method signature="loginPageTitleTest()[pri:1, instance:com.qa.CRMPage.test.LoginPageTest@6a03bcb1]" started-at="2020-03-30T21:56:03 IST" name="loginPageTitleTest" finished-at="2020-03-30T21:56:03 IST" duration-ms="44" status="PASS">
          <reporter-output>
          </reporter-output>
        </test-method> <!-- loginPageTitleTest -->
        <test-method is-config="true" signature="tearDown()[pri:0, instance:com.qa.CRMPage.test.LoginPageTest@6a03bcb1]" started-at="2020-03-30T21:56:03 IST" name="tearDown" finished-at="2020-03-30T21:56:04 IST" duration-ms="1032" status="PASS">
          <reporter-output>
          </reporter-output>
        </test-method> <!-- tearDown -->
        <test-method is-config="true" signature="initialization()[pri:0, instance:com.qa.CRMPage.test.LoginPageTest@6a03bcb1]" started-at="2020-03-30T21:56:04 IST" name="initialization" finished-at="2020-03-30T21:56:16 IST" duration-ms="11957" status="PASS">
          <reporter-output>
          </reporter-output>
        </test-method> <!-- initialization -->
        <test-method signature="CRMLogoImageTest()[pri:2, instance:com.qa.CRMPage.test.LoginPageTest@6a03bcb1]" started-at="2020-03-30T21:56:16 IST" name="CRMLogoImageTest" finished-at="2020-03-30T21:56:17 IST" duration-ms="205" status="PASS">
          <reporter-output>
          </reporter-output>
        </test-method> <!-- CRMLogoImageTest -->
        <test-method is-config="true" signature="tearDown()[pri:0, instance:com.qa.CRMPage.test.LoginPageTest@6a03bcb1]" started-at="2020-03-30T21:56:17 IST" name="tearDown" finished-at="2020-03-30T21:56:18 IST" duration-ms="1402" status="PASS">
          <reporter-output>
          </reporter-output>
        </test-method> <!-- tearDown -->
      </class> <!-- com.qa.CRMPage.test.LoginPageTest -->
    </test> <!-- Default test -->
  </suite> <!-- Default suite -->
</testng-results>
